make all --print-data-base --no-builtin-variables --no-builtin-rules --question
# GNU Make 3.81
# Copyright (C) 2006  Free Software Foundation, Inc.
# This is free software; see the source for copying conditions.
# There is NO warranty; not even for MERCHANTABILITY or FITNESS FOR A
# PARTICULAR PURPOSE.

# This program built for i386-apple-darwin11.3.0
 

# Make data base, printed on Fri Jun 17 12:21:10 2022

# Variables

# automatic
<D = $(patsubst %/,%,$(dir $<))
# automatic
?F = $(notdir $?)
# environment
VSCODE_LOG_NATIVE = false
# makefile (from `Makefile', line 1)
TARGET = mpsh
# environment
NVM_INC = /Users/sungminyou/.nvm/versions/node/v16.4.1/include/node
# automatic
?D = $(patsubst %/,%,$(dir $?))
# automatic
@D = $(patsubst %/,%,$(dir $@))
# automatic
@F = $(notdir $@)
# makefile
CURDIR := /Users/sungminyou/Workspace/personal/Operating-System/project1
# makefile
SHELL = /bin/sh
# environment
VSCODE_NLS_CONFIG = {"locale":"ko","availableLanguages":{"*":"ko"},"_languagePackId":"26f3b44ea4f1e942cca002e9545643cc.ko","_translationsConfigFile":"/Users/sungminyou/Library/Application Support/Code/clp/26f3b44ea4f1e942cca002e9545643cc.ko/tcf.json","_cacheRoot":"/Users/sungminyou/Library/Application Support/Code/clp/26f3b44ea4f1e942cca002e9545643cc.ko","_resolvedLanguagePackCoreLocation":"/Users/sungminyou/Library/Application Support/Code/clp/26f3b44ea4f1e942cca002e9545643cc.ko/4af164ea3a06f701fe3e89a2bcbb421d2026b68f","_corruptedFile":"/Users/sungminyou/Library/Application Support/Code/clp/26f3b44ea4f1e942cca002e9545643cc.ko/corrupted.info","_languagePackSupport":true}
# environment
_ = /usr/bin/make
# makefile (from `Makefile', line 4)
CFLAGS = -g -c -D_POSIX_C_SOURCE -std=c99 -Wimplicit-function-declaration -Werror 
# makefile (from `Makefile', line 1)
MAKEFILE_LIST :=  Makefile
# environment
VSCODE_VERBOSE_LOGGING = true
# environment
__CFBundleIdentifier = com.microsoft.VSCode
# environment
INFOPATH = /opt/homebrew/share/info:
# environment
P9K_SSH = 0
# environment
VSCODE_IPC_HOOK_EXTHOST = /var/folders/t_/tmbtn7d17r75nbrh0nwjy6yh0000gn/T/vscode-ipc-2bf98fe7-d923-40fa-bb1d-734f9f47407a.sock
# environment
VSCODE_CWD = /Users/sungminyou/Workspace/personal/Operating-System/project1
# environment
PATH = /opt/homebrew/opt/postgresql@13/bin:/Users/sungminyou/.nvm/versions/node/v16.4.1/bin:/Users/sungminyou/.rbenv/shims:/Users/sungminyou/.rbenv/bin:/opt/homebrew/bin:/opt/homebrew/sbin:/usr/local/bin:/usr/bin:/bin:/usr/sbin:/sbin:/Library/Apple/usr/bin:/Library/Java/JavaVirtualMachines/zulu-11.jdk/Contents/Home/bin
# environment
LSCOLORS = Gxfxcxdxbxegedabagacad
# environment
NVM_BIN = /Users/sungminyou/.nvm/versions/node/v16.4.1/bin
# environment
VSCODE_LOG_STACK = false
# environment
ELECTRON_RUN_AS_NODE = 1
# makefile (from `Makefile', line 5)
LDFLAGS = 
# default
.FEATURES := target-specific order-only second-expansion else-if archives jobserver check-symlink
# environment
SSH_AUTH_SOCK = /var/folders/t_/tmbtn7d17r75nbrh0nwjy6yh0000gn/T//ssh-67uwwh2tkoan/agent.1651
# automatic
%F = $(notdir $%)
# environment
VSCODE_PIPE_LOGGING = true
# environment
PWD = /Users/sungminyou/Workspace/personal/Operating-System/project1
# environment
HOMEBREW_CELLAR = /opt/homebrew/Cellar
# environment
SSH_AGENT_PID = 1653
# environment
ORIGINAL_XDG_CURRENT_DESKTOP = undefined
# environment
MANPATH = /Users/sungminyou/.nvm/versions/node/v16.4.1/share/man:/opt/homebrew/share/man::
# environment
VSCODE_AMD_ENTRYPOINT = vs/workbench/api/node/extensionHostProcess
# environment
HOME = /Users/sungminyou
# default
MAKEFILEPATH := /Applications/Xcode.app/Contents/Developer/Makefiles
# environment
VSCODE_CODE_CACHE_PATH = /Users/sungminyou/Library/Application Support/Code/CachedData/4af164ea3a06f701fe3e89a2bcbb421d2026b68f
# environment
LOGNAME = sungminyou
# environment
APPLICATION_INSIGHTS_NO_DIAGNOSTIC_CHANNEL = 1
# environment
NVM_CD_FLAGS = -q
# environment
ZSH = /Users/sungminyou/.oh-my-zsh
# environment
VSCODE_HANDLES_UNCAUGHT_ERRORS = true
# automatic
^D = $(patsubst %/,%,$(dir $^))
# environment
XPC_FLAGS = 0x0
# environment
COLORTERM = truecolor
# default
MAKE = $(MAKE_COMMAND)
# environment
LC_TERMINAL = iTerm2
# environment
SHLVL = 2
# environment
JAVA_HOME = /Library/Java/JavaVirtualMachines/zulu-11.jdk/Contents/Home
# default
MAKE_VERSION := 3.81
# environment
USER = sungminyou
# makefile
.DEFAULT_GOAL := all
# default
MAKECMDGOALS := all
# environment
TERM_SESSION_ID = w0t0p0:3EBC04CD-4349-4BE6-BC55-21D542F06A6D
# environment
LESS = -R
# automatic
%D = $(patsubst %/,%,$(dir $%))
# default
MAKE_COMMAND := /Applications/Xcode.app/Contents/Developer/usr/bin/make
# environment
TERM_PROGRAM = iTerm.app
# default
.VARIABLES := 
# environment
TMPDIR = /var/folders/t_/tmbtn7d17r75nbrh0nwjy6yh0000gn/T/
# automatic
*F = $(notdir $*)
# environment
VSCODE_IPC_HOOK = /Users/sungminyou/Library/Application Support/Code/1.68.0-main.sock
# makefile
MAKEFLAGS = Rrqp
# environment
MFLAGS = -Rrqp
# automatic
*D = $(patsubst %/,%,$(dir $*))
# environment
TERM_PROGRAM_VERSION = 3.4.15
# environment
NVM_DIR = /Users/sungminyou/.nvm
# environment
XPC_SERVICE_NAME = application.com.microsoft.VSCode.36001828.36001834.FA174371-539D-4BBD-BE82-5FE9B89DE629
# environment
LC_TERMINAL_VERSION = 3.4.15
# environment
HOMEBREW_PREFIX = /opt/homebrew
# automatic
+D = $(patsubst %/,%,$(dir $+))
# automatic
+F = $(notdir $+)
# environment
ITERM_SESSION_ID = w0t0p0:3EBC04CD-4349-4BE6-BC55-21D542F06A6D
# environment
HOMEBREW_REPOSITORY = /opt/homebrew
# environment
COLORFGBG = 7;0
# environment
__CF_USER_TEXT_ENCODING = 0x1F5:0x3:0x33
# environment
COMMAND_MODE = unix2003
# default
MAKEFILES := 
# environment
RBENV_SHELL = zsh
# automatic
<F = $(notdir $<)
# environment
ITERM_PROFILE = Default
# environment
EDITOR = /opt/homebrew/bin/nvim
# environment
PAGER = less
# environment
LC_ALL = C
# environment
P9K_TTY = old
# automatic
^F = $(notdir $^)
# default
SUFFIXES := 
# default
.INCLUDE_DIRS = /usr/local/include
# environment
MAKELEVEL := 0
# environment
LANG = C
# environment
TERM = xterm-256color
# environment
_P9K_TTY = /dev/ttys000
# environment
VSCODE_PID = 1914
# variable set hash-table stats:
# Load=95/1024=9%, Rehash=0, Collisions=6/129=5%

# Pattern-specific Variable Values

# No pattern-specific variable values.

# Directories

# . (device 16777229, inode 36642003): 17 files, 1 impossibilities.

# 17 files, 1 impossibilities in 1 directories.

# Implicit Rules

%.o: %.
#  commands to execute (from `Makefile', line 17):
	gcc $(CFLAGS) $< -o $@
	

# 1 implicit rules, 0 (0.0%) terminal.

# Files

test-run: mpsh toy testcases/test-run
#  Phony target (prerequisite of .PHONY).
#  Implicit rule search has not been done.
#  File does not exist.
#  File has not been updated.
#  commands to execute (from `Makefile', line 26):
	./$< -q < testcases/test-run
	

all: mpsh toy
#  Command-line target.
#  Implicit rule search has been done.
#  File does not exist.
#  File has not been updated.
# variable set hash-table stats:
# Load=0/32=0%, Rehash=0, Collisions=0/0=0%

.PHONY: clean test-run test-timeout test-cd test-for test-prompt test-run-veriy
#  Implicit rule search has not been done.
#  Modification time never checked.
#  File has not been updated.

test-cd: mpsh testcases/test-cd
#  Phony target (prerequisite of .PHONY).
#  Implicit rule search has not been done.
#  File does not exist.
#  File has not been updated.
#  commands to execute (from `Makefile', line 34):
	./$< -q < testcases/test-cd
	

# Not a target:
testcases/test-run:
#  Implicit rule search has not been done.
#  Modification time never checked.
#  File has not been updated.

# Not a target:
.SUFFIXES:
#  Implicit rule search has not been done.
#  Modification time never checked.
#  File has not been updated.

# Not a target:
Makefile:
#  Implicit rule search has been done.
#  Last modified 2022-06-17 12:15:32
#  File has been updated.
#  Successfully updated.
# variable set hash-table stats:
# Load=0/32=0%, Rehash=0, Collisions=0/0=0%

# Not a target:
testcases/test-cd:
#  Implicit rule search has not been done.
#  Modification time never checked.
#  File has not been updated.

test-all: test-run test-timeout test-cd test-for test-prompt
#  Implicit rule search has not been done.
#  Modification time never checked.
#  File has not been updated.
#  commands to execute (from `Makefile', line 49):
	echo
	

test-run-veriy: mpsh testcases/test-run-veriy
#  Phony target (prerequisite of .PHONY).
#  Implicit rule search has not been done.
#  File does not exist.
 
make: *** No rule to make target `pa1.o', needed by `mpsh'.  Stop.

#  File has not been updated.
#  commands to execute (from `Makefile', line 46):
	./$< < testcases/test-run-veriy
	

# Not a target:
pa1.o:
#  Implicit rule search has been done.
#  File does not exist.
#  File has not been updated.
# variable set hash-table stats:
# Load=0/32=0%, Rehash=0, Collisions=0/0=0%

test-for: mpsh testcases/test-for
#  Phony target (prerequisite of .PHONY).
#  Implicit rule search has not been done.
#  File does not exist.
#  File has not been updated.
#  commands to execute (from `Makefile', line 38):
	./$< -q < testcases/test-for
	

# Not a target:
parser.o:
#  Implicit rule search has not been done.
#  Modification time never checked.
#  File has not been updated.

# Not a target:
.DEFAULT:
#  Implicit rule search has not been done.
#  Modification time never checked.
#  File has not been updated.

# Not a target:
toy.o:
#  Implicit rule search has not been done.
#  Modification time never checked.
#  File has not been updated.

toy: toy.o
#  Implicit rule search has not been done.
#  Modification time never checked.
#  File has not been updated.
#  commands to execute (from `Makefile', line 13):
	gcc $(LDFLAGS) $^ -o $@
	

# Not a target:
testcases/test-run-veriy:
#  Implicit rule search has not been done.
#  Modification time never checked.
#  File has not been updated.

test-prompt: mpsh testcases/test-prompt
#  Phony target (prerequisite of .PHONY).
#  Implicit rule search has not been done.
#  File does not exist.
#  File has not been updated.
#  commands to execute (from `Makefile', line 42):
	./$< < testcases/test-prompt
	

clean:
#  Phony target (prerequisite of .PHONY).
#  Implicit rule search has not been done.
#  File does not exist.
#  File has not been updated.
#  commands to execute (from `Makefile', line 21):
	rm -rf $(TARGET) toy *.o *.dSYM
	

test-timeout: mpsh toy testcases/test-timeout
#  Phony target (prerequisite of .PHONY).
#  Implicit rule search has not been done.
#  File does not exist.
#  File has not been updated.
#  commands to execute (from `Makefile', line 30):
	./$< -q < testcases/test-timeout
	

# Not a target:
testcases/test-for:
#  Implicit rule search has not been done.
#  Modification time never checked.
#  File has not been updated.

mpsh: pa1.o parser.o
#  Implicit rule search has not been done.
#  File does not exist.
#  File has not been updated.
# variable set hash-table stats:
# Load=0/32=0%, Rehash=0, Collisions=0/0=0%
#  commands to execute (from `Makefile', line 10):
	gcc $(LDFLAGS) $^ -o $@
	

# Not a target:
testcases/test-prompt:
#  Implicit rule search has not been done.
#  Modification time never checked.
#  File has not been updated.

# Not a target:
testcases/test-timeout:
#  Implicit rule search has not been done.
#  Modification time never checked.
#  File has not been updated.

# files hash-table stats:
# Load=24/1024=2%, Rehash=0, Collisions=0/76=0%
# VPATH Search Paths

# No `vpath' search paths.

# No general (`VPATH' variable) search path.

# # of strings in strcache: 1
# # of strcache buffers: 1
# strcache size: total = 4096 / max = 4096 / min = 4096 / avg = 4096
# strcache free: total = 4087 / max = 4087 / min = 4087 / avg = 4087

# Finished Make data base on Fri Jun 17 12:21:10 2022

 
